Using pre-set license
Built from '2022.3/staging' branch; Version is '2022.3.13f1 (5f90a5ebde0f) revision 6262949'; Using compiler version '192829333'; Build Type 'Release'
OS: 'Windows 11  (10.0.22621) 64bit EducationN' Language: 'pl' Physical Memory: 32678 MB
BatchMode: 1, IsHumanControllingUs: 0, StartBugReporterOnCrash: 0, Is64bit: 1, IsPro: 1

COMMAND LINE ARGUMENTS:
D:\Unity\2022.3.13f1\Editor\Unity.exe
-adb2
-batchMode
-noUpm
-name
AssetImportWorker0
-projectPath
D:/Unity/My project
-logFile
Logs/AssetImportWorker0.log
-srvPort
50376
Successfully changed project path to: D:/Unity/My project
D:/Unity/My project
[UnityMemory] Configuration Parameters - Can be set up in boot.config
    "memorysetup-bucket-allocator-granularity=16"
    "memorysetup-bucket-allocator-bucket-count=8"
    "memorysetup-bucket-allocator-block-size=33554432"
    "memorysetup-bucket-allocator-block-count=8"
    "memorysetup-main-allocator-block-size=16777216"
    "memorysetup-thread-allocator-block-size=16777216"
    "memorysetup-gfx-main-allocator-block-size=16777216"
    "memorysetup-gfx-thread-allocator-block-size=16777216"
    "memorysetup-cache-allocator-block-size=4194304"
    "memorysetup-typetree-allocator-block-size=2097152"
    "memorysetup-profiler-bucket-allocator-granularity=16"
    "memorysetup-profiler-bucket-allocator-bucket-count=8"
    "memorysetup-profiler-bucket-allocator-block-size=33554432"
    "memorysetup-profiler-bucket-allocator-block-count=8"
    "memorysetup-profiler-allocator-block-size=16777216"
    "memorysetup-profiler-editor-allocator-block-size=1048576"
    "memorysetup-temp-allocator-size-main=16777216"
    "memorysetup-job-temp-allocator-block-size=2097152"
    "memorysetup-job-temp-allocator-block-size-background=1048576"
    "memorysetup-job-temp-allocator-reduction-small-platforms=262144"
    "memorysetup-allocator-temp-initial-block-size-main=262144"
    "memorysetup-allocator-temp-initial-block-size-worker=262144"
    "memorysetup-temp-allocator-size-background-worker=32768"
    "memorysetup-temp-allocator-size-job-worker=262144"
    "memorysetup-temp-allocator-size-preload-manager=33554432"
    "memorysetup-temp-allocator-size-nav-mesh-worker=65536"
    "memorysetup-temp-allocator-size-audio-worker=65536"
    "memorysetup-temp-allocator-size-cloud-worker=32768"
    "memorysetup-temp-allocator-size-gi-baking-worker=262144"
    "memorysetup-temp-allocator-size-gfx=262144"
Player connection [17820] Host "[IP] 192.168.8.15 [Port] 0 [Flags] 2 [Guid] 3788251261 [EditorId] 3788251261 [Version] 1048832 [Id] WindowsEditor(7,DESKTOP-HP87QTT) [Debug] 1 [PackageName] WindowsEditor [ProjectName] Editor" joined multi-casting on [225.0.0.222:54997]...

Player connection [17820] Host "[IP] 192.168.8.15 [Port] 0 [Flags] 2 [Guid] 3788251261 [EditorId] 3788251261 [Version] 1048832 [Id] WindowsEditor(7,DESKTOP-HP87QTT) [Debug] 1 [PackageName] WindowsEditor [ProjectName] Editor" joined alternative multi-casting on [225.0.0.222:34997]...

[Physics::Module] Initialized MultithreadedJobDispatcher with 15 workers.
Refreshing native plugins compatible for Editor in 4.15 ms, found 3 plugins.
Preloading 0 native plugins for Editor in 0.00 ms.
Initialize engine version: 2022.3.13f1 (5f90a5ebde0f)
[Subsystems] Discovering subsystems at path D:/Unity/2022.3.13f1/Editor/Data/Resources/UnitySubsystems
[Subsystems] Discovering subsystems at path D:/Unity/My project/Assets
GfxDevice: creating device client; threaded=0; jobified=0
Direct3D:
    Version:  Direct3D 11.0 [level 11.1]
    Renderer: NVIDIA GeForce RTX 3080 Ti (ID=0x2208)
    Vendor:   NVIDIA
    VRAM:     12100 MB
    Driver:   31.0.15.3699
Initialize mono
Mono path[0] = 'D:/Unity/2022.3.13f1/Editor/Data/Managed'
Mono path[1] = 'D:/Unity/2022.3.13f1/Editor/Data/MonoBleedingEdge/lib/mono/unityjit-win32'
Mono config path = 'D:/Unity/2022.3.13f1/Editor/Data/MonoBleedingEdge/etc'
Using monoOptions --debugger-agent=transport=dt_socket,embedding=1,server=y,suspend=n,address=127.0.0.1:56116
Begin MonoManager ReloadAssembly
Registering precompiled unity dll's ...
Register platform support module: D:/Unity/2022.3.13f1/Editor/Data/PlaybackEngines/WebGLSupport/UnityEditor.WebGL.Extensions.dll
Register platform support module: D:/Unity/2022.3.13f1/Editor/Data/PlaybackEngines/AndroidPlayer/UnityEditor.Android.Extensions.dll
Register platform support module: D:/Unity/2022.3.13f1/Editor/Data/PlaybackEngines/WindowsStandaloneSupport/UnityEditor.WindowsStandalone.Extensions.dll
Registered in 0.003055 seconds.
- Loaded All Assemblies, in  0.246 seconds
Native extension for WindowsStandalone target not found
Native extension for Android target not found
Android Extension - Scanning For ADB Devices 181 ms
Native extension for WebGL target not found
Mono: successfully reloaded assembly
- Finished resetting the current domain, in  0.420 seconds
Domain Reload Profiling: 666ms
	BeginReloadAssembly (72ms)
		ExecutionOrderSort (0ms)
		DisableScriptedObjects (0ms)
		BackupInstance (0ms)
		ReleaseScriptingObjects (0ms)
		CreateAndSetChildDomain (1ms)
	RebuildCommonClasses (24ms)
	RebuildNativeTypeToScriptingClass (8ms)
	initialDomainReloadingComplete (41ms)
	LoadAllAssembliesAndSetupDomain (101ms)
		LoadAssemblies (72ms)
		RebuildTransferFunctionScriptingTraits (0ms)
		AnalyzeDomain (99ms)
			TypeCache.Refresh (98ms)
				TypeCache.ScanAssembly (88ms)
			ScanForSourceGeneratedMonoScriptInfo (0ms)
			ResolveRequiredComponents (0ms)
	FinalizeReload (421ms)
		ReleaseScriptCaches (0ms)
		RebuildScriptCaches (0ms)
		SetupLoadedEditorAssemblies (377ms)
			LogAssemblyErrors (0ms)
			InitializePlatformSupportModulesInManaged (263ms)
			SetLoadedEditorAssemblies (3ms)
			RefreshPlugins (0ms)
			BeforeProcessingInitializeOnLoad (2ms)
			ProcessInitializeOnLoadAttributes (76ms)
			ProcessInitializeOnLoadMethodAttributes (33ms)
			AfterProcessingInitializeOnLoad (0ms)
			EditorAssembliesLoaded (0ms)
		ExecutionOrderSort2 (0ms)
		AwakeInstancesAfterBackupRestoration (0ms)
========================================================================
Worker process is ready to serve import requests
Begin MonoManager ReloadAssembly
- Loaded All Assemblies, in  0.413 seconds
Refreshing native plugins compatible for Editor in 1.34 ms, found 3 plugins.
Native extension for WindowsStandalone target not found
Native extension for Android target not found
Native extension for WebGL target not found
Package Manager log level set to [2]
[Package Manager] Server::EnsureServerProcessIsRunning -- launch failed, reason: Unity was launched with the -noUpm command-line argument
[Package Manager] UpmClient::Send -- Unable to send message (not connected to UPM process).
[Package Manager] Cannot connect to Unity Package Manager local server
Mono: successfully reloaded assembly
- Finished resetting the current domain, in  0.385 seconds
Domain Reload Profiling: 798ms
	BeginReloadAssembly (108ms)
		ExecutionOrderSort (0ms)
		DisableScriptedObjects (4ms)
		BackupInstance (0ms)
		ReleaseScriptingObjects (0ms)
		CreateAndSetChildDomain (18ms)
	RebuildCommonClasses (23ms)
	RebuildNativeTypeToScriptingClass (7ms)
	initialDomainReloadingComplete (26ms)
	LoadAllAssembliesAndSetupDomain (249ms)
		LoadAssemblies (191ms)
		RebuildTransferFunctionScriptingTraits (0ms)
		AnalyzeDomain (122ms)
			TypeCache.Refresh (108ms)
				TypeCache.ScanAssembly (95ms)
			ScanForSourceGeneratedMonoScriptInfo (10ms)
			ResolveRequiredComponents (3ms)
	FinalizeReload (386ms)
		ReleaseScriptCaches (0ms)
		RebuildScriptCaches (0ms)
		SetupLoadedEditorAssemblies (275ms)
			LogAssemblyErrors (0ms)
			InitializePlatformSupportModulesInManaged (15ms)
			SetLoadedEditorAssemblies (2ms)
			RefreshPlugins (0ms)
			BeforeProcessingInitializeOnLoad (37ms)
			ProcessInitializeOnLoadAttributes (204ms)
			ProcessInitializeOnLoadMethodAttributes (15ms)
			AfterProcessingInitializeOnLoad (1ms)
			EditorAssembliesLoaded (0ms)
		ExecutionOrderSort2 (0ms)
		AwakeInstancesAfterBackupRestoration (4ms)
Launched and connected shader compiler UnityShaderCompiler.exe after 0.03 seconds
Refreshing native plugins compatible for Editor in 1.68 ms, found 3 plugins.
Preloading 0 native plugins for Editor in 0.00 ms.
Unloading 3191 Unused Serialized files (Serialized files now loaded: 0)
Unloading 34 unused Assets / (29.6 KB). Loaded Objects now: 3679.
Memory consumption went from 148.7 MB to 148.7 MB.
Total: 2.726500 ms (FindLiveObjects: 0.259800 ms CreateObjectMapping: 0.169000 ms MarkObjects: 2.239900 ms  DeleteObjects: 0.056200 ms)

AssetImportParameters requested are different than current active one (requested -> active):
  custom:container-demuxer-ogg: 62fdf1f143b41e24485cea50d1cbac27 -> 
  custom:video-decoder-ogg-theora: a1e56fd34408186e4bbccfd4996cb3dc -> 
  custom:framework-win-MediaFoundation: 216162199b28c13a410421893ffa2e32 -> 
  custom:CustomObjectIndexerAttribute: 756ad292c208cfabdd7b50bc23989ffe -> 
  custom:container-demuxer-webm: 4f35f7cbe854078d1ac9338744f61a02 -> 
  custom:container-muxer-webm: aa71ff27fc2769a1b78a27578f13a17b -> 
  custom:video-decoder-webm-vp8: 9c59270c3fd7afecdb556c50c9e8de78 -> 
  custom:SearchIndexIgnoredProperties: e643bd26f0fe6173181afceb89e7c659 -> 
  custom:AudioImporter_EditorPlatform: d09bf68614088b80899f8185d706f6e7 -> 
  custom:video-encoder-webm-vp8: eb34c28f22e8b96e1ab97ce403110664 -> 
  custom:audio-decoder-ogg-vorbis: bf7c407c2cedff20999df2af8eb42d56 -> 
  custom:audio-encoder-webm-vorbis: bf7c407c2cedff20999df2af8eb42d56 -> 
========================================================================
Received Import Request.
  Time since last request: 1072.369603 seconds.
  path: Assets/Images/Match
  artifactKey: Guid(578835ced61c14348bafb134352379cd) Importer(815301076,1909f56bfc062723c751e8b465ee728b)
Start importing Assets/Images/Match using Guid(578835ced61c14348bafb134352379cd) Importer(815301076,1909f56bfc062723c751e8b465ee728b)  -> (artifact id: '40b68e689574dbba447a2721c745d020') in 0.002727 seconds
Number of updated asset objects reloaded before import = 0
Number of asset objects unloaded after import = 0
========================================================================
Received Import Request.
  Time since last request: 0.000020 seconds.
  path: Assets/Images/Puzzle
  artifactKey: Guid(dcb7c9e0974789f4a9b86489a49f4b2b) Importer(815301076,1909f56bfc062723c751e8b465ee728b)
Start importing Assets/Images/Puzzle using Guid(dcb7c9e0974789f4a9b86489a49f4b2b) Importer(815301076,1909f56bfc062723c751e8b465ee728b)  -> (artifact id: 'ea964eb86175398b848d9739e544231c') in 0.000271 seconds
Number of updated asset objects reloaded before import = 0
Number of asset objects unloaded after import = 0
========================================================================
Received Import Request.
  Time since last request: 0.230243 seconds.
  path: Assets/Images/Puzzle/radość
  artifactKey: Guid(5bcdeb5c26678f040b8c317e99ad16ef) Importer(815301076,1909f56bfc062723c751e8b465ee728b)
Start importing Assets/Images/Puzzle/radość using Guid(5bcdeb5c26678f040b8c317e99ad16ef) Importer(815301076,1909f56bfc062723c751e8b465ee728b)  -> (artifact id: '69c0e7a2134ece241341a745c8603e55') in 0.000371 seconds
Number of updated asset objects reloaded before import = 0
Number of asset objects unloaded after import = 0
========================================================================
Received Import Request.
  Time since last request: 0.108362 seconds.
  path: Assets/Images/Puzzle/radość/img1 — Odzyskano kopia.png
  artifactKey: Guid(aed897df8ee57ef4092f96a4571157d2) Importer(815301076,1909f56bfc062723c751e8b465ee728b)
Start importing Assets/Images/Puzzle/radość/img1 — Odzyskano kopia.png using Guid(aed897df8ee57ef4092f96a4571157d2) Importer(815301076,1909f56bfc062723c751e8b465ee728b)  -> (artifact id: 'b7ac32d9e06efc6aed264ee660ac90e0') in 0.057962 seconds
Number of updated asset objects reloaded before import = 0
Number of asset objects unloaded after import = 3
========================================================================
Received Import Request.
  Time since last request: 0.000012 seconds.
  path: Assets/Images/Puzzle/radość/img1 — Odzyskano kopia3.png
  artifactKey: Guid(a2f250dc24a5b134fa8d97d56021562e) Importer(815301076,1909f56bfc062723c751e8b465ee728b)
Start importing Assets/Images/Puzzle/radość/img1 — Odzyskano kopia3.png using Guid(a2f250dc24a5b134fa8d97d56021562e) Importer(815301076,1909f56bfc062723c751e8b465ee728b)  -> (artifact id: '1a4c3a48cb4d62e20bb59d3fbd8891e6') in 0.013090 seconds
Number of updated asset objects reloaded before import = 0
Number of asset objects unloaded after import = 3
========================================================================
Received Import Request.
  Time since last request: 8.733868 seconds.
  path: Assets/Images/Puzzle/radosc
  artifactKey: Guid(5bcdeb5c26678f040b8c317e99ad16ef) Importer(815301076,1909f56bfc062723c751e8b465ee728b)
Start importing Assets/Images/Puzzle/radosc using Guid(5bcdeb5c26678f040b8c317e99ad16ef) Importer(815301076,1909f56bfc062723c751e8b465ee728b)  -> (artifact id: '54d0765d386ca08a39aeed770e3cb152') in 0.000400 seconds
Number of updated asset objects reloaded before import = 0
Number of asset objects unloaded after import = 0
========================================================================
Received Import Request.
  Time since last request: 1.672011 seconds.
  path: Assets/Images/Puzzle/zaskoczenie
  artifactKey: Guid(cf746eeed44c24049a07445d0b6cf8c0) Importer(815301076,1909f56bfc062723c751e8b465ee728b)
Start importing Assets/Images/Puzzle/zaskoczenie using Guid(cf746eeed44c24049a07445d0b6cf8c0) Importer(815301076,1909f56bfc062723c751e8b465ee728b)  -> (artifact id: 'dc93a159c36705244e2dc64aaf4212f0') in 0.000391 seconds
Number of updated asset objects reloaded before import = 0
Number of asset objects unloaded after import = 0
========================================================================
Received Import Request.
  Time since last request: 0.499224 seconds.
  path: Assets/Images/Puzzle/złość
  artifactKey: Guid(9242e4f5bf14e9c42b0a6d162980e109) Importer(815301076,1909f56bfc062723c751e8b465ee728b)
Start importing Assets/Images/Puzzle/złość using Guid(9242e4f5bf14e9c42b0a6d162980e109) Importer(815301076,1909f56bfc062723c751e8b465ee728b)  -> (artifact id: '1c62152122e237184493fc2b83562cb8') in 0.000376 seconds
Number of updated asset objects reloaded before import = 0
Number of asset objects unloaded after import = 0
========================================================================
Received Import Request.
  Time since last request: 6.166577 seconds.
  path: Assets/Images/Puzzle/zlosc
  artifactKey: Guid(9242e4f5bf14e9c42b0a6d162980e109) Importer(815301076,1909f56bfc062723c751e8b465ee728b)
Start importing Assets/Images/Puzzle/zlosc using Guid(9242e4f5bf14e9c42b0a6d162980e109) Importer(815301076,1909f56bfc062723c751e8b465ee728b)  -> (artifact id: '01b01c91f2fd9ffe3b2fdec67909bd3a') in 0.000404 seconds
Number of updated asset objects reloaded before import = 0
Number of asset objects unloaded after import = 0
========================================================================
Received Import Request.
  Time since last request: 31.715568 seconds.
  path: Assets/Images/Lettre
  artifactKey: Guid(dcce640d64fc6a441b45ca1307f7650e) Importer(815301076,1909f56bfc062723c751e8b465ee728b)
Start importing Assets/Images/Lettre using Guid(dcce640d64fc6a441b45ca1307f7650e) Importer(815301076,1909f56bfc062723c751e8b465ee728b)  -> (artifact id: '467f919060115145c269a28dc03cc16e') in 0.000369 seconds
Number of updated asset objects reloaded before import = 0
Number of asset objects unloaded after import = 0
